Determining if the pthread_create exist failed with the following output:
Change Dir: /home/erkan/Udacity-Robotics-Software/Home/catkin-ws/build/CMakeFiles/CMakeTmp

Run Build Command:"/usr/bin/make" "cmTC_cdfe1/fast"
/usr/bin/make -f CMakeFiles/cmTC_cdfe1.dir/build.make CMakeFiles/cmTC_cdfe1.dir/build
make[1]: Entering directory '/home/erkan/Udacity-Robotics-Software/Home/catkin-ws/build/CMakeFiles/CMakeTmp'
Building C object CMakeFiles/cmTC_cdfe1.dir/CheckSymbolExists.c.o
/usr/bin/cc     -o CMakeFiles/cmTC_cdfe1.dir/CheckSymbolExists.c.o   -c /home/erkan/Udacity-Robotics-Software/Home/catkin-ws/build/CMakeFiles/CMakeTmp/CheckSymbolExists.c
Linking C executable cmTC_cdfe1
/usr/bin/cmake -E cmake_link_script CMakeFiles/cmTC_cdfe1.dir/link.txt --verbose=1
/usr/bin/cc       CMakeFiles/cmTC_cdfe1.dir/CheckSymbolExists.c.o  -o cmTC_cdfe1 -rdynamic 
CMakeFiles/cmTC_cdfe1.dir/CheckSymbolExists.c.o: In function `main':
CheckSymbolExists.c:(.text+0x16): undefined reference to `pthread_create'
collect2: error: ld returned 1 exit status
CMakeFiles/cmTC_cdfe1.dir/build.make:97: recipe for target 'cmTC_cdfe1' failed
make[1]: *** [cmTC_cdfe1] Error 1
make[1]: Leaving directory '/home/erkan/Udacity-Robotics-Software/Home/catkin-ws/build/CMakeFiles/CMakeTmp'
Makefile:126: recipe for target 'cmTC_cdfe1/fast' failed
make: *** [cmTC_cdfe1/fast] Error 2

File /home/erkan/Udacity-Robotics-Software/Home/catkin-ws/build/CMakeFiles/CMakeTmp/CheckSymbolExists.c:
/* */
#include <pthread.h>

int main(int argc, char** argv)
{
  (void)argv;
#ifndef pthread_create
  return ((int*)(&pthread_create))[argc];
#else
  (void)argc;
  return 0;
#endif
}

Determining if the function pthread_create exists in the pthreads failed with the following output:
Change Dir: /home/erkan/Udacity-Robotics-Software/Home/catkin-ws/build/CMakeFiles/CMakeTmp

Run Build Command:"/usr/bin/make" "cmTC_80111/fast"
/usr/bin/make -f CMakeFiles/cmTC_80111.dir/build.make CMakeFiles/cmTC_80111.dir/build
make[1]: Entering directory '/home/erkan/Udacity-Robotics-Software/Home/catkin-ws/build/CMakeFiles/CMakeTmp'
Building C object CMakeFiles/cmTC_80111.dir/CheckFunctionExists.c.o
/usr/bin/cc    -DCHECK_FUNCTION_EXISTS=pthread_create   -o CMakeFiles/cmTC_80111.dir/CheckFunctionExists.c.o   -c /usr/share/cmake-3.5/Modules/CheckFunctionExists.c
Linking C executable cmTC_80111
/usr/bin/cmake -E cmake_link_script CMakeFiles/cmTC_80111.dir/link.txt --verbose=1
/usr/bin/cc   -DCHECK_FUNCTION_EXISTS=pthread_create    CMakeFiles/cmTC_80111.dir/CheckFunctionExists.c.o  -o cmTC_80111 -rdynamic -lpthreads 
/usr/bin/ld: cannot find -lpthreads
collect2: error: ld returned 1 exit status
CMakeFiles/cmTC_80111.dir/build.make:97: recipe for target 'cmTC_80111' failed
make[1]: *** [cmTC_80111] Error 1
make[1]: Leaving directory '/home/erkan/Udacity-Robotics-Software/Home/catkin-ws/build/CMakeFiles/CMakeTmp'
Makefile:126: recipe for target 'cmTC_80111/fast' failed
make: *** [cmTC_80111/fast] Error 2


